0 info it worked if it ends with ok
1 verbose cli [ '/home/watcha/.nvm/versions/node/v6.4.0/bin/node',
1 verbose cli   '/home/watcha/.nvm/versions/node/v6.4.0/bin/npm',
1 verbose cli   'start' ]
2 info using npm@3.10.3
3 info using node@v6.4.0
4 verbose run-script [ 'prestart', 'start', 'poststart' ]
5 info lifecycle src@1.0.0~prestart: src@1.0.0
6 silly lifecycle src@1.0.0~prestart: no script for prestart, continuing
7 info lifecycle src@1.0.0~start: src@1.0.0
8 verbose lifecycle src@1.0.0~start: unsafe-perm in lifecycle true
9 verbose lifecycle src@1.0.0~start: PATH: /home/watcha/.nvm/versions/node/v6.4.0/lib/node_modules/npm/bin/node-gyp-bin:/home/watcha/source/react/src/node_modules/.bin:/home/watcha/.nvm/versions/node/v6.4.0/bin:/home/watcha/.nvm/versions/node/v6.4.0/bin:/home/watcha/.pyenv/shims:/home/watcha/.pyenv/bin:/home/watcha/.pyenv/shims:/home/watcha/.pyenv/bin:/usr/local/sbin:/usr/local/bin:/usr/sbin:/usr/bin:/sbin:/bin:/usr/games:/usr/local/games:/snap/bin:/snap/bin
10 verbose lifecycle src@1.0.0~start: CWD: /home/watcha/source/react/src
11 silly lifecycle src@1.0.0~start: Args: [ '-c', 'webpack-dev-server --hot' ]
12 silly lifecycle src@1.0.0~start: Returned: code: 1  signal: null
13 info lifecycle src@1.0.0~start: Failed to exec start script
14 verbose stack Error: src@1.0.0 start: `webpack-dev-server --hot`
14 verbose stack Exit status 1
14 verbose stack     at EventEmitter.<anonymous> (/home/watcha/.nvm/versions/node/v6.4.0/lib/node_modules/npm/lib/utils/lifecycle.js:242:16)
14 verbose stack     at emitTwo (events.js:106:13)
14 verbose stack     at EventEmitter.emit (events.js:191:7)
14 verbose stack     at ChildProcess.<anonymous> (/home/watcha/.nvm/versions/node/v6.4.0/lib/node_modules/npm/lib/utils/spawn.js:40:14)
14 verbose stack     at emitTwo (events.js:106:13)
14 verbose stack     at ChildProcess.emit (events.js:191:7)
14 verbose stack     at maybeClose (internal/child_process.js:852:16)
14 verbose stack     at Process.ChildProcess._handle.onexit (internal/child_process.js:215:5)
15 verbose pkgid src@1.0.0
16 verbose cwd /home/watcha/source/react/src
17 error Linux 4.4.0-77-generic
18 error argv "/home/watcha/.nvm/versions/node/v6.4.0/bin/node" "/home/watcha/.nvm/versions/node/v6.4.0/bin/npm" "start"
19 error node v6.4.0
20 error npm  v3.10.3
21 error code ELIFECYCLE
22 error src@1.0.0 start: `webpack-dev-server --hot`
22 error Exit status 1
23 error Failed at the src@1.0.0 start script 'webpack-dev-server --hot'.
23 error Make sure you have the latest version of node.js and npm installed.
23 error If you do, this is most likely a problem with the src package,
23 error not with npm itself.
23 error Tell the author that this fails on your system:
23 error     webpack-dev-server --hot
23 error You can get information on how to open an issue for this project with:
23 error     npm bugs src
23 error Or if that isn't available, you can get their info via:
23 error     npm owner ls src
23 error There is likely additional logging output above.
24 verbose exit [ 1, true ]
